[2026-06-17 10:50:13] production.ERROR: The /Volumes/OFFICIAL/DEVSFLOCK/workproof/bootstrap/cache directory must be present and writable. {"exception":"[object] (Exception(code: 0): The /Volumes/OFFICIAL/DEVSFLOCK/workproof/bootstrap/cache directory must be present and writable. at /Volumes/OFFICIAL/DEVSFLOCK/workproof/vendor/laravel/framework/src/Illuminate/Foundation/PackageManifest.php:179)
[stacktrace]
#0 /Volumes/OFFICIAL/DEVSFLOCK/workproof/vendor/laravel/framework/src/Illuminate/Foundation/PackageManifest.php(132): Illuminate\\Foundation\\PackageManifest->write(Array)
#1 /Volumes/OFFICIAL/DEVSFLOCK/workproof/vendor/laravel/framework/src/Illuminate/Foundation/PackageManifest.php(108): Illuminate\\Foundation\\PackageManifest->build()
#2 /Volumes/OFFICIAL/DEVSFLOCK/workproof/vendor/laravel/framework/src/Illuminate/Foundation/PackageManifest.php(91): Illuminate\\Foundation\\PackageManifest->getManifest()
#3 /Volumes/OFFICIAL/DEVSFLOCK/workproof/vendor/laravel/framework/src/Illuminate/Foundation/PackageManifest.php(80): Illuminate\\Foundation\\PackageManifest->config('aliases')
#4 /Volumes/OFFICIAL/DEVSFLOCK/workproof/vendor/laravel/framework/src/Illuminate/Foundation/Bootstrap/RegisterFacades.php(26): Illuminate\\Foundation\\PackageManifest->aliases()
#5 /Volumes/OFFICIAL/DEVSFLOCK/workproof/vendor/laravel/framework/src/Illuminate/Foundation/Application.php(342): Illuminate\\Foundation\\Bootstrap\\RegisterFacades->bootstrap(Object(Illuminate\\Foundation\\Application))
#6 /Volumes/OFFICIAL/DEVSFLOCK/workproof/vendor/laravel/framework/src/Illuminate/Foundation/Console/Kernel.php(474): Illuminate\\Foundation\\Application->bootstrapWith(Array)
#7 /Volumes/OFFICIAL/DEVSFLOCK/workproof/vendor/laravel/framework/src/Illuminate/Foundation/Console/Kernel.php(196): Illuminate\\Foundation\\Console\\Kernel->bootstrap()
#8 /Volumes/OFFICIAL/DEVSFLOCK/workproof/vendor/laravel/framework/src/Illuminate/Foundation/Application.php(1235): Illuminate\\Foundation\\Console\\Kernel->handle(Object(Symfony\\Component\\Console\\Input\\ArgvInput), Object(Symfony\\Component\\Console\\Output\\ConsoleOutput))
#9 /Volumes/OFFICIAL/DEVSFLOCK/workproof/artisan(6): Illuminate\\Foundation\\Application->handleCommand(Object(Symfony\\Component\\Console\\Input\\ArgvInput))
#10 {main}
"} 
[2026-06-17 10:52:10] production.ERROR: Target class [files] does not exist. {"exception":"[object] (Illuminate\\Contracts\\Container\\BindingResolutionException(code: 0): Target class [files] does not exist. at /Volumes/OFFICIAL/DEVSFLOCK/workproof/vendor/laravel/framework/src/Illuminate/Container/Container.php:961)
[stacktrace]
#0 /Volumes/OFFICIAL/DEVSFLOCK/workproof/vendor/laravel/framework/src/Illuminate/Container/Container.php(832): Illuminate\\Container\\Container->build('files')
#1 /Volumes/OFFICIAL/DEVSFLOCK/workproof/vendor/laravel/framework/src/Illuminate/Foundation/Application.php(1078): Illuminate\\Container\\Container->resolve('files', Array, true)
#2 /Volumes/OFFICIAL/DEVSFLOCK/workproof/vendor/laravel/framework/src/Illuminate/Container/Container.php(763): Illuminate\\Foundation\\Application->resolve('files', Array)
#3 /Volumes/OFFICIAL/DEVSFLOCK/workproof/vendor/laravel/framework/src/Illuminate/Foundation/Application.php(1058): Illuminate\\Container\\Container->make('files', Array)
#4 /Volumes/OFFICIAL/DEVSFLOCK/workproof/vendor/laravel/framework/src/Illuminate/Container/Container.php(1580): Illuminate\\Foundation\\Application->make('files')
#5 /Volumes/OFFICIAL/DEVSFLOCK/workproof/vendor/laravel/framework/src/Illuminate/Foundation/Application.php(1345): Illuminate\\Container\\Container->offsetGet('files')
#6 /Volumes/OFFICIAL/DEVSFLOCK/workproof/vendor/laravel/framework/src/Illuminate/Foundation/Support/Providers/EventServiceProvider.php(107): Illuminate\\Foundation\\Application->eventsAreCached()
#7 /Volumes/OFFICIAL/DEVSFLOCK/workproof/vendor/laravel/framework/src/Illuminate/Foundation/Support/Providers/EventServiceProvider.php(58): Illuminate\\Foundation\\Support\\Providers\\EventServiceProvider->getEvents()
#8 /Volumes/OFFICIAL/DEVSFLOCK/workproof/vendor/laravel/framework/src/Illuminate/Container/BoundMethod.php(36): Illuminate\\Foundation\\Support\\Providers\\EventServiceProvider->{closure:Illuminate\\Foundation\\Support\\Providers\\EventServiceProvider::register():57}()
#9 /Volumes/OFFICIAL/DEVSFLOCK/workproof/vendor/laravel/framework/src/Illuminate/Container/Util.php(43): Illuminate\\Container\\BoundMethod::{closure:Illuminate\\Container\\BoundMethod::call():35}()
#10 /Volumes/OFFICIAL/DEVSFLOCK/workproof/vendor/laravel/framework/src/Illuminate/Container/BoundMethod.php(83): Illuminate\\Container\\Util::unwrapIfClosure(Object(Closure))
#11 /Volumes/OFFICIAL/DEVSFLOCK/workproof/vendor/laravel/framework/src/Illuminate/Container/BoundMethod.php(35): Illuminate\\Container\\BoundMethod::callBoundMethod(Object(Illuminate\\Foundation\\Application), Object(Closure), Object(Closure))
#12 /Volumes/OFFICIAL/DEVSFLOCK/workproof/vendor/laravel/framework/src/Illuminate/Container/Container.php(696): Illuminate\\Container\\BoundMethod::call(Object(Illuminate\\Foundation\\Application), Object(Closure), Array, NULL)
#13 /Volumes/OFFICIAL/DEVSFLOCK/workproof/vendor/laravel/framework/src/Illuminate/Support/ServiceProvider.php(128): Illuminate\\Container\\Container->call(Object(Closure))
#14 /Volumes/OFFICIAL/DEVSFLOCK/workproof/vendor/laravel/framework/src/Illuminate/Foundation/Application.php(1148): Illuminate\\Support\\ServiceProvider->callBootingCallbacks()
#15 /Volumes/OFFICIAL/DEVSFLOCK/workproof/vendor/laravel/framework/src/Illuminate/Foundation/Application.php(1132): Illuminate\\Foundation\\Application->bootProvider(Object(Illuminate\\Foundation\\Support\\Providers\\EventServiceProvider))
#16 [internal function]: Illuminate\\Foundation\\Application->{closure:Illuminate\\Foundation\\Application::boot():1131}(Object(Illuminate\\Foundation\\Support\\Providers\\EventServiceProvider), 'Illuminate\\\\Foun...')
#17 /Volumes/OFFICIAL/DEVSFLOCK/workproof/vendor/laravel/framework/src/Illuminate/Foundation/Application.php(1131): array_walk(Array, Object(Closure))
#18 /Volumes/OFFICIAL/DEVSFLOCK/workproof/vendor/laravel/framework/src/Illuminate/Foundation/Bootstrap/BootProviders.php(17): Illuminate\\Foundation\\Application->boot()
#19 /Volumes/OFFICIAL/DEVSFLOCK/workproof/vendor/laravel/framework/src/Illuminate/Foundation/Application.php(342): Illuminate\\Foundation\\Bootstrap\\BootProviders->bootstrap(Object(Illuminate\\Foundation\\Application))
#20 /Volumes/OFFICIAL/DEVSFLOCK/workproof/vendor/laravel/framework/src/Illuminate/Foundation/Console/Kernel.php(474): Illuminate\\Foundation\\Application->bootstrapWith(Array)
#21 /Volumes/OFFICIAL/DEVSFLOCK/workproof/vendor/laravel/framework/src/Illuminate/Foundation/Console/Kernel.php(196): Illuminate\\Foundation\\Console\\Kernel->bootstrap()
#22 /Volumes/OFFICIAL/DEVSFLOCK/workproof/vendor/laravel/framework/src/Illuminate/Foundation/Application.php(1235): Illuminate\\Foundation\\Console\\Kernel->handle(Object(Symfony\\Component\\Console\\Input\\ArgvInput), Object(Symfony\\Component\\Console\\Output\\ConsoleOutput))
#23 /Volumes/OFFICIAL/DEVSFLOCK/workproof/artisan(6): Illuminate\\Foundation\\Application->handleCommand(Object(Symfony\\Component\\Console\\Input\\ArgvInput))
#24 {main}

[previous exception] [object] (ReflectionException(code: -1): Class \"files\" does not exist at /Volumes/OFFICIAL/DEVSFLOCK/workproof/vendor/laravel/framework/src/Illuminate/Container/Container.php:959)
[stacktrace]
#0 /Volumes/OFFICIAL/DEVSFLOCK/workproof/vendor/laravel/framework/src/Illuminate/Container/Container.php(959): ReflectionClass->__construct('files')
#1 /Volumes/OFFICIAL/DEVSFLOCK/workproof/vendor/laravel/framework/src/Illuminate/Container/Container.php(832): Illuminate\\Container\\Container->build('files')
#2 /Volumes/OFFICIAL/DEVSFLOCK/workproof/vendor/laravel/framework/src/Illuminate/Foundation/Application.php(1078): Illuminate\\Container\\Container->resolve('files', Array, true)
#3 /Volumes/OFFICIAL/DEVSFLOCK/workproof/vendor/laravel/framework/src/Illuminate/Container/Container.php(763): Illuminate\\Foundation\\Application->resolve('files', Array)
#4 /Volumes/OFFICIAL/DEVSFLOCK/workproof/vendor/laravel/framework/src/Illuminate/Foundation/Application.php(1058): Illuminate\\Container\\Container->make('files', Array)
#5 /Volumes/OFFICIAL/DEVSFLOCK/workproof/vendor/laravel/framework/src/Illuminate/Container/Container.php(1580): Illuminate\\Foundation\\Application->make('files')
#6 /Volumes/OFFICIAL/DEVSFLOCK/workproof/vendor/laravel/framework/src/Illuminate/Foundation/Application.php(1345): Illuminate\\Container\\Container->offsetGet('files')
#7 /Volumes/OFFICIAL/DEVSFLOCK/workproof/vendor/laravel/framework/src/Illuminate/Foundation/Support/Providers/EventServiceProvider.php(107): Illuminate\\Foundation\\Application->eventsAreCached()
#8 /Volumes/OFFICIAL/DEVSFLOCK/workproof/vendor/laravel/framework/src/Illuminate/Foundation/Support/Providers/EventServiceProvider.php(58): Illuminate\\Foundation\\Support\\Providers\\EventServiceProvider->getEvents()
#9 /Volumes/OFFICIAL/DEVSFLOCK/workproof/vendor/laravel/framework/src/Illuminate/Container/BoundMethod.php(36): Illuminate\\Foundation\\Support\\Providers\\EventServiceProvider->{closure:Illuminate\\Foundation\\Support\\Providers\\EventServiceProvider::register():57}()
#10 /Volumes/OFFICIAL/DEVSFLOCK/workproof/vendor/laravel/framework/src/Illuminate/Container/Util.php(43): Illuminate\\Container\\BoundMethod::{closure:Illuminate\\Container\\BoundMethod::call():35}()
#11 /Volumes/OFFICIAL/DEVSFLOCK/workproof/vendor/laravel/framework/src/Illuminate/Container/BoundMethod.php(83): Illuminate\\Container\\Util::unwrapIfClosure(Object(Closure))
#12 /Volumes/OFFICIAL/DEVSFLOCK/workproof/vendor/laravel/framework/src/Illuminate/Container/BoundMethod.php(35): Illuminate\\Container\\BoundMethod::callBoundMethod(Object(Illuminate\\Foundation\\Application), Object(Closure), Object(Closure))
#13 /Volumes/OFFICIAL/DEVSFLOCK/workproof/vendor/laravel/framework/src/Illuminate/Container/Container.php(696): Illuminate\\Container\\BoundMethod::call(Object(Illuminate\\Foundation\\Application), Object(Closure), Array, NULL)
#14 /Volumes/OFFICIAL/DEVSFLOCK/workproof/vendor/laravel/framework/src/Illuminate/Support/ServiceProvider.php(128): Illuminate\\Container\\Container->call(Object(Closure))
#15 /Volumes/OFFICIAL/DEVSFLOCK/workproof/vendor/laravel/framework/src/Illuminate/Foundation/Application.php(1148): Illuminate\\Support\\ServiceProvider->callBootingCallbacks()
#16 /Volumes/OFFICIAL/DEVSFLOCK/workproof/vendor/laravel/framework/src/Illuminate/Foundation/Application.php(1132): Illuminate\\Foundation\\Application->bootProvider(Object(Illuminate\\Foundation\\Support\\Providers\\EventServiceProvider))
#17 [internal function]: Illuminate\\Foundation\\Application->{closure:Illuminate\\Foundation\\Application::boot():1131}(Object(Illuminate\\Foundation\\Support\\Providers\\EventServiceProvider), 'Illuminate\\\\Foun...')
#18 /Volumes/OFFICIAL/DEVSFLOCK/workproof/vendor/laravel/framework/src/Illuminate/Foundation/Application.php(1131): array_walk(Array, Object(Closure))
#19 /Volumes/OFFICIAL/DEVSFLOCK/workproof/vendor/laravel/framework/src/Illuminate/Foundation/Bootstrap/BootProviders.php(17): Illuminate\\Foundation\\Application->boot()
#20 /Volumes/OFFICIAL/DEVSFLOCK/workproof/vendor/laravel/framework/src/Illuminate/Foundation/Application.php(342): Illuminate\\Foundation\\Bootstrap\\BootProviders->bootstrap(Object(Illuminate\\Foundation\\Application))
#21 /Volumes/OFFICIAL/DEVSFLOCK/workproof/vendor/laravel/framework/src/Illuminate/Foundation/Console/Kernel.php(474): Illuminate\\Foundation\\Application->bootstrapWith(Array)
#22 /Volumes/OFFICIAL/DEVSFLOCK/workproof/vendor/laravel/framework/src/Illuminate/Foundation/Console/Kernel.php(196): Illuminate\\Foundation\\Console\\Kernel->bootstrap()
#23 /Volumes/OFFICIAL/DEVSFLOCK/workproof/vendor/laravel/framework/src/Illuminate/Foundation/Application.php(1235): Illuminate\\Foundation\\Console\\Kernel->handle(Object(Symfony\\Component\\Console\\Input\\ArgvInput), Object(Symfony\\Component\\Console\\Output\\ConsoleOutput))
#24 /Volumes/OFFICIAL/DEVSFLOCK/workproof/artisan(6): Illuminate\\Foundation\\Application->handleCommand(Object(Symfony\\Component\\Console\\Input\\ArgvInput))
#25 {main}
"} 
[2026-06-17 10:53:23] production.ERROR: Target class [files] does not exist. {"exception":"[object] (Illuminate\\Contracts\\Container\\BindingResolutionException(code: 0): Target class [files] does not exist. at /Volumes/OFFICIAL/DEVSFLOCK/workproof/vendor/laravel/framework/src/Illuminate/Container/Container.php:961)
[stacktrace]
#0 /Volumes/OFFICIAL/DEVSFLOCK/workproof/vendor/laravel/framework/src/Illuminate/Container/Container.php(832): Illuminate\\Container\\Container->build('files')
#1 /Volumes/OFFICIAL/DEVSFLOCK/workproof/vendor/laravel/framework/src/Illuminate/Foundation/Application.php(1078): Illuminate\\Container\\Container->resolve('files', Array, true)
#2 /Volumes/OFFICIAL/DEVSFLOCK/workproof/vendor/laravel/framework/src/Illuminate/Container/Container.php(763): Illuminate\\Foundation\\Application->resolve('files', Array)
#3 /Volumes/OFFICIAL/DEVSFLOCK/workproof/vendor/laravel/framework/src/Illuminate/Foundation/Application.php(1058): Illuminate\\Container\\Container->make('files', Array)
#4 /Volumes/OFFICIAL/DEVSFLOCK/workproof/vendor/laravel/framework/src/Illuminate/Container/Container.php(1580): Illuminate\\Foundation\\Application->make('files')
#5 /Volumes/OFFICIAL/DEVSFLOCK/workproof/vendor/laravel/framework/src/Illuminate/Foundation/Application.php(1345): Illuminate\\Container\\Container->offsetGet('files')
#6 /Volumes/OFFICIAL/DEVSFLOCK/workproof/vendor/laravel/framework/src/Illuminate/Foundation/Support/Providers/EventServiceProvider.php(107): Illuminate\\Foundation\\Application->eventsAreCached()
#7 /Volumes/OFFICIAL/DEVSFLOCK/workproof/vendor/laravel/framework/src/Illuminate/Foundation/Support/Providers/EventServiceProvider.php(58): Illuminate\\Foundation\\Support\\Providers\\EventServiceProvider->getEvents()
#8 /Volumes/OFFICIAL/DEVSFLOCK/workproof/vendor/laravel/framework/src/Illuminate/Container/BoundMethod.php(36): Illuminate\\Foundation\\Support\\Providers\\EventServiceProvider->{closure:Illuminate\\Foundation\\Support\\Providers\\EventServiceProvider::register():57}()
#9 /Volumes/OFFICIAL/DEVSFLOCK/workproof/vendor/laravel/framework/src/Illuminate/Container/Util.php(43): Illuminate\\Container\\BoundMethod::{closure:Illuminate\\Container\\BoundMethod::call():35}()
#10 /Volumes/OFFICIAL/DEVSFLOCK/workproof/vendor/laravel/framework/src/Illuminate/Container/BoundMethod.php(83): Illuminate\\Container\\Util::unwrapIfClosure(Object(Closure))
#11 /Volumes/OFFICIAL/DEVSFLOCK/workproof/vendor/laravel/framework/src/Illuminate/Container/BoundMethod.php(35): Illuminate\\Container\\BoundMethod::callBoundMethod(Object(Illuminate\\Foundation\\Application), Object(Closure), Object(Closure))
#12 /Volumes/OFFICIAL/DEVSFLOCK/workproof/vendor/laravel/framework/src/Illuminate/Container/Container.php(696): Illuminate\\Container\\BoundMethod::call(Object(Illuminate\\Foundation\\Application), Object(Closure), Array, NULL)
#13 /Volumes/OFFICIAL/DEVSFLOCK/workproof/vendor/laravel/framework/src/Illuminate/Support/ServiceProvider.php(128): Illuminate\\Container\\Container->call(Object(Closure))
#14 /Volumes/OFFICIAL/DEVSFLOCK/workproof/vendor/laravel/framework/src/Illuminate/Foundation/Application.php(1148): Illuminate\\Support\\ServiceProvider->callBootingCallbacks()
#15 /Volumes/OFFICIAL/DEVSFLOCK/workproof/vendor/laravel/framework/src/Illuminate/Foundation/Application.php(1132): Illuminate\\Foundation\\Application->bootProvider(Object(Illuminate\\Foundation\\Support\\Providers\\EventServiceProvider))
#16 [internal function]: Illuminate\\Foundation\\Application->{closure:Illuminate\\Foundation\\Application::boot():1131}(Object(Illuminate\\Foundation\\Support\\Providers\\EventServiceProvider), 'Illuminate\\\\Foun...')
#17 /Volumes/OFFICIAL/DEVSFLOCK/workproof/vendor/laravel/framework/src/Illuminate/Foundation/Application.php(1131): array_walk(Array, Object(Closure))
#18 /Volumes/OFFICIAL/DEVSFLOCK/workproof/vendor/laravel/framework/src/Illuminate/Foundation/Bootstrap/BootProviders.php(17): Illuminate\\Foundation\\Application->boot()
#19 /Volumes/OFFICIAL/DEVSFLOCK/workproof/vendor/laravel/framework/src/Illuminate/Foundation/Application.php(342): Illuminate\\Foundation\\Bootstrap\\BootProviders->bootstrap(Object(Illuminate\\Foundation\\Application))
#20 /Volumes/OFFICIAL/DEVSFLOCK/workproof/vendor/laravel/framework/src/Illuminate/Foundation/Console/Kernel.php(474): Illuminate\\Foundation\\Application->bootstrapWith(Array)
#21 /Volumes/OFFICIAL/DEVSFLOCK/workproof/vendor/laravel/framework/src/Illuminate/Foundation/Console/Kernel.php(196): Illuminate\\Foundation\\Console\\Kernel->bootstrap()
#22 /Volumes/OFFICIAL/DEVSFLOCK/workproof/vendor/laravel/framework/src/Illuminate/Foundation/Application.php(1235): Illuminate\\Foundation\\Console\\Kernel->handle(Object(Symfony\\Component\\Console\\Input\\ArgvInput), Object(Symfony\\Component\\Console\\Output\\ConsoleOutput))
#23 /Volumes/OFFICIAL/DEVSFLOCK/workproof/artisan(6): Illuminate\\Foundation\\Application->handleCommand(Object(Symfony\\Component\\Console\\Input\\ArgvInput))
#24 {main}

[previous exception] [object] (ReflectionException(code: -1): Class \"files\" does not exist at /Volumes/OFFICIAL/DEVSFLOCK/workproof/vendor/laravel/framework/src/Illuminate/Container/Container.php:959)
[stacktrace]
#0 /Volumes/OFFICIAL/DEVSFLOCK/workproof/vendor/laravel/framework/src/Illuminate/Container/Container.php(959): ReflectionClass->__construct('files')
#1 /Volumes/OFFICIAL/DEVSFLOCK/workproof/vendor/laravel/framework/src/Illuminate/Container/Container.php(832): Illuminate\\Container\\Container->build('files')
#2 /Volumes/OFFICIAL/DEVSFLOCK/workproof/vendor/laravel/framework/src/Illuminate/Foundation/Application.php(1078): Illuminate\\Container\\Container->resolve('files', Array, true)
#3 /Volumes/OFFICIAL/DEVSFLOCK/workproof/vendor/laravel/framework/src/Illuminate/Container/Container.php(763): Illuminate\\Foundation\\Application->resolve('files', Array)
#4 /Volumes/OFFICIAL/DEVSFLOCK/workproof/vendor/laravel/framework/src/Illuminate/Foundation/Application.php(1058): Illuminate\\Container\\Container->make('files', Array)
#5 /Volumes/OFFICIAL/DEVSFLOCK/workproof/vendor/laravel/framework/src/Illuminate/Container/Container.php(1580): Illuminate\\Foundation\\Application->make('files')
#6 /Volumes/OFFICIAL/DEVSFLOCK/workproof/vendor/laravel/framework/src/Illuminate/Foundation/Application.php(1345): Illuminate\\Container\\Container->offsetGet('files')
#7 /Volumes/OFFICIAL/DEVSFLOCK/workproof/vendor/laravel/framework/src/Illuminate/Foundation/Support/Providers/EventServiceProvider.php(107): Illuminate\\Foundation\\Application->eventsAreCached()
#8 /Volumes/OFFICIAL/DEVSFLOCK/workproof/vendor/laravel/framework/src/Illuminate/Foundation/Support/Providers/EventServiceProvider.php(58): Illuminate\\Foundation\\Support\\Providers\\EventServiceProvider->getEvents()
#9 /Volumes/OFFICIAL/DEVSFLOCK/workproof/vendor/laravel/framework/src/Illuminate/Container/BoundMethod.php(36): Illuminate\\Foundation\\Support\\Providers\\EventServiceProvider->{closure:Illuminate\\Foundation\\Support\\Providers\\EventServiceProvider::register():57}()
#10 /Volumes/OFFICIAL/DEVSFLOCK/workproof/vendor/laravel/framework/src/Illuminate/Container/Util.php(43): Illuminate\\Container\\BoundMethod::{closure:Illuminate\\Container\\BoundMethod::call():35}()
#11 /Volumes/OFFICIAL/DEVSFLOCK/workproof/vendor/laravel/framework/src/Illuminate/Container/BoundMethod.php(83): Illuminate\\Container\\Util::unwrapIfClosure(Object(Closure))
#12 /Volumes/OFFICIAL/DEVSFLOCK/workproof/vendor/laravel/framework/src/Illuminate/Container/BoundMethod.php(35): Illuminate\\Container\\BoundMethod::callBoundMethod(Object(Illuminate\\Foundation\\Application), Object(Closure), Object(Closure))
#13 /Volumes/OFFICIAL/DEVSFLOCK/workproof/vendor/laravel/framework/src/Illuminate/Container/Container.php(696): Illuminate\\Container\\BoundMethod::call(Object(Illuminate\\Foundation\\Application), Object(Closure), Array, NULL)
#14 /Volumes/OFFICIAL/DEVSFLOCK/workproof/vendor/laravel/framework/src/Illuminate/Support/ServiceProvider.php(128): Illuminate\\Container\\Container->call(Object(Closure))
#15 /Volumes/OFFICIAL/DEVSFLOCK/workproof/vendor/laravel/framework/src/Illuminate/Foundation/Application.php(1148): Illuminate\\Support\\ServiceProvider->callBootingCallbacks()
#16 /Volumes/OFFICIAL/DEVSFLOCK/workproof/vendor/laravel/framework/src/Illuminate/Foundation/Application.php(1132): Illuminate\\Foundation\\Application->bootProvider(Object(Illuminate\\Foundation\\Support\\Providers\\EventServiceProvider))
#17 [internal function]: Illuminate\\Foundation\\Application->{closure:Illuminate\\Foundation\\Application::boot():1131}(Object(Illuminate\\Foundation\\Support\\Providers\\EventServiceProvider), 'Illuminate\\\\Foun...')
#18 /Volumes/OFFICIAL/DEVSFLOCK/workproof/vendor/laravel/framework/src/Illuminate/Foundation/Application.php(1131): array_walk(Array, Object(Closure))
#19 /Volumes/OFFICIAL/DEVSFLOCK/workproof/vendor/laravel/framework/src/Illuminate/Foundation/Bootstrap/BootProviders.php(17): Illuminate\\Foundation\\Application->boot()
#20 /Volumes/OFFICIAL/DEVSFLOCK/workproof/vendor/laravel/framework/src/Illuminate/Foundation/Application.php(342): Illuminate\\Foundation\\Bootstrap\\BootProviders->bootstrap(Object(Illuminate\\Foundation\\Application))
#21 /Volumes/OFFICIAL/DEVSFLOCK/workproof/vendor/laravel/framework/src/Illuminate/Foundation/Console/Kernel.php(474): Illuminate\\Foundation\\Application->bootstrapWith(Array)
#22 /Volumes/OFFICIAL/DEVSFLOCK/workproof/vendor/laravel/framework/src/Illuminate/Foundation/Console/Kernel.php(196): Illuminate\\Foundation\\Console\\Kernel->bootstrap()
#23 /Volumes/OFFICIAL/DEVSFLOCK/workproof/vendor/laravel/framework/src/Illuminate/Foundation/Application.php(1235): Illuminate\\Foundation\\Console\\Kernel->handle(Object(Symfony\\Component\\Console\\Input\\ArgvInput), Object(Symfony\\Component\\Console\\Output\\ConsoleOutput))
#24 /Volumes/OFFICIAL/DEVSFLOCK/workproof/artisan(6): Illuminate\\Foundation\\Application->handleCommand(Object(Symfony\\Component\\Console\\Input\\ArgvInput))
#25 {main}
"} 
[2026-06-17 10:54:57] production.ERROR: Target class [files] does not exist. {"exception":"[object] (Illuminate\\Contracts\\Container\\BindingResolutionException(code: 0): Target class [files] does not exist. at /Volumes/OFFICIAL/DEVSFLOCK/workproof/vendor/laravel/framework/src/Illuminate/Container/Container.php:961)
[stacktrace]
#0 /Volumes/OFFICIAL/DEVSFLOCK/workproof/vendor/laravel/framework/src/Illuminate/Container/Container.php(832): Illuminate\\Container\\Container->build('files')
#1 /Volumes/OFFICIAL/DEVSFLOCK/workproof/vendor/laravel/framework/src/Illuminate/Foundation/Application.php(1078): Illuminate\\Container\\Container->resolve('files', Array, true)
#2 /Volumes/OFFICIAL/DEVSFLOCK/workproof/vendor/laravel/framework/src/Illuminate/Container/Container.php(763): Illuminate\\Foundation\\Application->resolve('files', Array)
#3 /Volumes/OFFICIAL/DEVSFLOCK/workproof/vendor/laravel/framework/src/Illuminate/Foundation/Application.php(1058): Illuminate\\Container\\Container->make('files', Array)
#4 /Volumes/OFFICIAL/DEVSFLOCK/workproof/vendor/laravel/framework/src/Illuminate/Container/Container.php(1580): Illuminate\\Foundation\\Application->make('files')
#5 /Volumes/OFFICIAL/DEVSFLOCK/workproof/vendor/laravel/framework/src/Illuminate/Foundation/Application.php(1345): Illuminate\\Container\\Container->offsetGet('files')
#6 /Volumes/OFFICIAL/DEVSFLOCK/workproof/vendor/laravel/framework/src/Illuminate/Foundation/Support/Providers/EventServiceProvider.php(107): Illuminate\\Foundation\\Application->eventsAreCached()
#7 /Volumes/OFFICIAL/DEVSFLOCK/workproof/vendor/laravel/framework/src/Illuminate/Foundation/Support/Providers/EventServiceProvider.php(58): Illuminate\\Foundation\\Support\\Providers\\EventServiceProvider->getEvents()
#8 /Volumes/OFFICIAL/DEVSFLOCK/workproof/vendor/laravel/framework/src/Illuminate/Container/BoundMethod.php(36): Illuminate\\Foundation\\Support\\Providers\\EventServiceProvider->{closure:Illuminate\\Foundation\\Support\\Providers\\EventServiceProvider::register():57}()
#9 /Volumes/OFFICIAL/DEVSFLOCK/workproof/vendor/laravel/framework/src/Illuminate/Container/Util.php(43): Illuminate\\Container\\BoundMethod::{closure:Illuminate\\Container\\BoundMethod::call():35}()
#10 /Volumes/OFFICIAL/DEVSFLOCK/workproof/vendor/laravel/framework/src/Illuminate/Container/BoundMethod.php(83): Illuminate\\Container\\Util::unwrapIfClosure(Object(Closure))
#11 /Volumes/OFFICIAL/DEVSFLOCK/workproof/vendor/laravel/framework/src/Illuminate/Container/BoundMethod.php(35): Illuminate\\Container\\BoundMethod::callBoundMethod(Object(Illuminate\\Foundation\\Application), Object(Closure), Object(Closure))
#12 /Volumes/OFFICIAL/DEVSFLOCK/workproof/vendor/laravel/framework/src/Illuminate/Container/Container.php(696): Illuminate\\Container\\BoundMethod::call(Object(Illuminate\\Foundation\\Application), Object(Closure), Array, NULL)
#13 /Volumes/OFFICIAL/DEVSFLOCK/workproof/vendor/laravel/framework/src/Illuminate/Support/ServiceProvider.php(128): Illuminate\\Container\\Container->call(Object(Closure))
#14 /Volumes/OFFICIAL/DEVSFLOCK/workproof/vendor/laravel/framework/src/Illuminate/Foundation/Application.php(1148): Illuminate\\Support\\ServiceProvider->callBootingCallbacks()
#15 /Volumes/OFFICIAL/DEVSFLOCK/workproof/vendor/laravel/framework/src/Illuminate/Foundation/Application.php(1132): Illuminate\\Foundation\\Application->bootProvider(Object(Illuminate\\Foundation\\Support\\Providers\\EventServiceProvider))
#16 [internal function]: Illuminate\\Foundation\\Application->{closure:Illuminate\\Foundation\\Application::boot():1131}(Object(Illuminate\\Foundation\\Support\\Providers\\EventServiceProvider), 'Illuminate\\\\Foun...')
#17 /Volumes/OFFICIAL/DEVSFLOCK/workproof/vendor/laravel/framework/src/Illuminate/Foundation/Application.php(1131): array_walk(Array, Object(Closure))
#18 /Volumes/OFFICIAL/DEVSFLOCK/workproof/vendor/laravel/framework/src/Illuminate/Foundation/Bootstrap/BootProviders.php(17): Illuminate\\Foundation\\Application->boot()
#19 /Volumes/OFFICIAL/DEVSFLOCK/workproof/vendor/laravel/framework/src/Illuminate/Foundation/Application.php(342): Illuminate\\Foundation\\Bootstrap\\BootProviders->bootstrap(Object(Illuminate\\Foundation\\Application))
#20 /Volumes/OFFICIAL/DEVSFLOCK/workproof/vendor/laravel/framework/src/Illuminate/Foundation/Console/Kernel.php(474): Illuminate\\Foundation\\Application->bootstrapWith(Array)
#21 /Volumes/OFFICIAL/DEVSFLOCK/workproof/vendor/laravel/framework/src/Illuminate/Foundation/Console/Kernel.php(196): Illuminate\\Foundation\\Console\\Kernel->bootstrap()
#22 /Volumes/OFFICIAL/DEVSFLOCK/workproof/vendor/laravel/framework/src/Illuminate/Foundation/Application.php(1235): Illuminate\\Foundation\\Console\\Kernel->handle(Object(Symfony\\Component\\Console\\Input\\ArgvInput), Object(Symfony\\Component\\Console\\Output\\ConsoleOutput))
#23 /Volumes/OFFICIAL/DEVSFLOCK/workproof/artisan(6): Illuminate\\Foundation\\Application->handleCommand(Object(Symfony\\Component\\Console\\Input\\ArgvInput))
#24 {main}

[previous exception] [object] (ReflectionException(code: -1): Class \"files\" does not exist at /Volumes/OFFICIAL/DEVSFLOCK/workproof/vendor/laravel/framework/src/Illuminate/Container/Container.php:959)
[stacktrace]
#0 /Volumes/OFFICIAL/DEVSFLOCK/workproof/vendor/laravel/framework/src/Illuminate/Container/Container.php(959): ReflectionClass->__construct('files')
#1 /Volumes/OFFICIAL/DEVSFLOCK/workproof/vendor/laravel/framework/src/Illuminate/Container/Container.php(832): Illuminate\\Container\\Container->build('files')
#2 /Volumes/OFFICIAL/DEVSFLOCK/workproof/vendor/laravel/framework/src/Illuminate/Foundation/Application.php(1078): Illuminate\\Container\\Container->resolve('files', Array, true)
#3 /Volumes/OFFICIAL/DEVSFLOCK/workproof/vendor/laravel/framework/src/Illuminate/Container/Container.php(763): Illuminate\\Foundation\\Application->resolve('files', Array)
#4 /Volumes/OFFICIAL/DEVSFLOCK/workproof/vendor/laravel/framework/src/Illuminate/Foundation/Application.php(1058): Illuminate\\Container\\Container->make('files', Array)
#5 /Volumes/OFFICIAL/DEVSFLOCK/workproof/vendor/laravel/framework/src/Illuminate/Container/Container.php(1580): Illuminate\\Foundation\\Application->make('files')
#6 /Volumes/OFFICIAL/DEVSFLOCK/workproof/vendor/laravel/framework/src/Illuminate/Foundation/Application.php(1345): Illuminate\\Container\\Container->offsetGet('files')
#7 /Volumes/OFFICIAL/DEVSFLOCK/workproof/vendor/laravel/framework/src/Illuminate/Foundation/Support/Providers/EventServiceProvider.php(107): Illuminate\\Foundation\\Application->eventsAreCached()
#8 /Volumes/OFFICIAL/DEVSFLOCK/workproof/vendor/laravel/framework/src/Illuminate/Foundation/Support/Providers/EventServiceProvider.php(58): Illuminate\\Foundation\\Support\\Providers\\EventServiceProvider->getEvents()
#9 /Volumes/OFFICIAL/DEVSFLOCK/workproof/vendor/laravel/framework/src/Illuminate/Container/BoundMethod.php(36): Illuminate\\Foundation\\Support\\Providers\\EventServiceProvider->{closure:Illuminate\\Foundation\\Support\\Providers\\EventServiceProvider::register():57}()
#10 /Volumes/OFFICIAL/DEVSFLOCK/workproof/vendor/laravel/framework/src/Illuminate/Container/Util.php(43): Illuminate\\Container\\BoundMethod::{closure:Illuminate\\Container\\BoundMethod::call():35}()
#11 /Volumes/OFFICIAL/DEVSFLOCK/workproof/vendor/laravel/framework/src/Illuminate/Container/BoundMethod.php(83): Illuminate\\Container\\Util::unwrapIfClosure(Object(Closure))
#12 /Volumes/OFFICIAL/DEVSFLOCK/workproof/vendor/laravel/framework/src/Illuminate/Container/BoundMethod.php(35): Illuminate\\Container\\BoundMethod::callBoundMethod(Object(Illuminate\\Foundation\\Application), Object(Closure), Object(Closure))
#13 /Volumes/OFFICIAL/DEVSFLOCK/workproof/vendor/laravel/framework/src/Illuminate/Container/Container.php(696): Illuminate\\Container\\BoundMethod::call(Object(Illuminate\\Foundation\\Application), Object(Closure), Array, NULL)
#14 /Volumes/OFFICIAL/DEVSFLOCK/workproof/vendor/laravel/framework/src/Illuminate/Support/ServiceProvider.php(128): Illuminate\\Container\\Container->call(Object(Closure))
#15 /Volumes/OFFICIAL/DEVSFLOCK/workproof/vendor/laravel/framework/src/Illuminate/Foundation/Application.php(1148): Illuminate\\Support\\ServiceProvider->callBootingCallbacks()
#16 /Volumes/OFFICIAL/DEVSFLOCK/workproof/vendor/laravel/framework/src/Illuminate/Foundation/Application.php(1132): Illuminate\\Foundation\\Application->bootProvider(Object(Illuminate\\Foundation\\Support\\Providers\\EventServiceProvider))
#17 [internal function]: Illuminate\\Foundation\\Application->{closure:Illuminate\\Foundation\\Application::boot():1131}(Object(Illuminate\\Foundation\\Support\\Providers\\EventServiceProvider), 'Illuminate\\\\Foun...')
#18 /Volumes/OFFICIAL/DEVSFLOCK/workproof/vendor/laravel/framework/src/Illuminate/Foundation/Application.php(1131): array_walk(Array, Object(Closure))
#19 /Volumes/OFFICIAL/DEVSFLOCK/workproof/vendor/laravel/framework/src/Illuminate/Foundation/Bootstrap/BootProviders.php(17): Illuminate\\Foundation\\Application->boot()
#20 /Volumes/OFFICIAL/DEVSFLOCK/workproof/vendor/laravel/framework/src/Illuminate/Foundation/Application.php(342): Illuminate\\Foundation\\Bootstrap\\BootProviders->bootstrap(Object(Illuminate\\Foundation\\Application))
#21 /Volumes/OFFICIAL/DEVSFLOCK/workproof/vendor/laravel/framework/src/Illuminate/Foundation/Console/Kernel.php(474): Illuminate\\Foundation\\Application->bootstrapWith(Array)
#22 /Volumes/OFFICIAL/DEVSFLOCK/workproof/vendor/laravel/framework/src/Illuminate/Foundation/Console/Kernel.php(196): Illuminate\\Foundation\\Console\\Kernel->bootstrap()
#23 /Volumes/OFFICIAL/DEVSFLOCK/workproof/vendor/laravel/framework/src/Illuminate/Foundation/Application.php(1235): Illuminate\\Foundation\\Console\\Kernel->handle(Object(Symfony\\Component\\Console\\Input\\ArgvInput), Object(Symfony\\Component\\Console\\Output\\ConsoleOutput))
#24 /Volumes/OFFICIAL/DEVSFLOCK/workproof/artisan(6): Illuminate\\Foundation\\Application->handleCommand(Object(Symfony\\Component\\Console\\Input\\ArgvInput))
#25 {main}
"} 
[2026-06-17 11:08:33] local.ERROR: SQLSTATE[42S02]: Base table or view not found: 1146 Table 'naxas_workproof.cache' doesn't exist (Connection: mysql, SQL: delete from `cache`) {"exception":"[object] (Illuminate\\Database\\QueryException(code: 42S02): SQLSTATE[42S02]: Base table or view not found: 1146 Table 'naxas_workproof.cache' doesn't exist (Connection: mysql, SQL: delete from `cache`) at /Volumes/OFFICIAL/DEVSFLOCK/workproof/vendor/laravel/framework/src/Illuminate/Database/Connection.php:825)
[stacktrace]
#0 /Volumes/OFFICIAL/DEVSFLOCK/workproof/vendor/laravel/framework/src/Illuminate/Database/Connection.php(779): Illuminate\\Database\\Connection->runQueryCallback('delete from `ca...', Array, Object(Closure))
#1 /Volumes/OFFICIAL/DEVSFLOCK/workproof/vendor/laravel/framework/src/Illuminate/Database/Connection.php(584): Illuminate\\Database\\Connection->run('delete from `ca...', Array, Object(Closure))
#2 /Volumes/OFFICIAL/DEVSFLOCK/workproof/vendor/laravel/framework/src/Illuminate/Database/Connection.php(548): Illuminate\\Database\\Connection->affectingStatement('delete from `ca...', Array)
#3 /Volumes/OFFICIAL/DEVSFLOCK/workproof/vendor/laravel/framework/src/Illuminate/Database/Query/Builder.php(4024): Illuminate\\Database\\Connection->delete('delete from `ca...', Array)
#4 /Volumes/OFFICIAL/DEVSFLOCK/workproof/vendor/laravel/framework/src/Illuminate/Cache/DatabaseStore.php(422): Illuminate\\Database\\Query\\Builder->delete()
#5 /Volumes/OFFICIAL/DEVSFLOCK/workproof/vendor/laravel/framework/src/Illuminate/Cache/Repository.php(792): Illuminate\\Cache\\DatabaseStore->flush()
#6 /Volumes/OFFICIAL/DEVSFLOCK/workproof/vendor/laravel/framework/src/Illuminate/Cache/Console/ClearCommand.php(69): Illuminate\\Cache\\Repository->__call('flush', Array)
#7 /Volumes/OFFICIAL/DEVSFLOCK/workproof/vendor/laravel/framework/src/Illuminate/Container/BoundMethod.php(36): Illuminate\\Cache\\Console\\ClearCommand->handle()
#8 /Volumes/OFFICIAL/DEVSFLOCK/workproof/vendor/laravel/framework/src/Illuminate/Container/Util.php(43): Illuminate\\Container\\BoundMethod::{closure:Illuminate\\Container\\BoundMethod::call():35}()
#9 /Volumes/OFFICIAL/DEVSFLOCK/workproof/vendor/laravel/framework/src/Illuminate/Container/BoundMethod.php(95): Illuminate\\Container\\Util::unwrapIfClosure(Object(Closure))
#10 /Volumes/OFFICIAL/DEVSFLOCK/workproof/vendor/laravel/framework/src/Illuminate/Container/BoundMethod.php(35): Illuminate\\Container\\BoundMethod::callBoundMethod(Object(Illuminate\\Foundation\\Application), Array, Object(Closure))
#11 /Volumes/OFFICIAL/DEVSFLOCK/workproof/vendor/laravel/framework/src/Illuminate/Container/Container.php(696): Illuminate\\Container\\BoundMethod::call(Object(Illuminate\\Foundation\\Application), Array, Array, NULL)
#12 /Volumes/OFFICIAL/DEVSFLOCK/workproof/vendor/laravel/framework/src/Illuminate/Console/Command.php(213): Illuminate\\Container\\Container->call(Array)
#13 /Volumes/OFFICIAL/DEVSFLOCK/workproof/vendor/symfony/console/Command/Command.php(341): Illuminate\\Console\\Command->execute(Object(Symfony\\Component\\Console\\Input\\ArrayInput), Object(Illuminate\\Console\\OutputStyle))
#14 /Volumes/OFFICIAL/DEVSFLOCK/workproof/vendor/laravel/framework/src/Illuminate/Console/Command.php(182): Symfony\\Component\\Console\\Command\\Command->run(Object(Symfony\\Component\\Console\\Input\\ArrayInput), Object(Illuminate\\Console\\OutputStyle))
#15 /Volumes/OFFICIAL/DEVSFLOCK/workproof/vendor/laravel/framework/src/Illuminate/Console/Concerns/CallsCommands.php(68): Illuminate\\Console\\Command->run(Object(Symfony\\Component\\Console\\Input\\ArrayInput), Object(Symfony\\Component\\Console\\Output\\NullOutput))
#16 /Volumes/OFFICIAL/DEVSFLOCK/workproof/vendor/laravel/framework/src/Illuminate/Console/Concerns/CallsCommands.php(41): Illuminate\\Console\\Command->runCommand('cache:clear', Array, Object(Symfony\\Component\\Console\\Output\\NullOutput))
#17 /Volumes/OFFICIAL/DEVSFLOCK/workproof/vendor/laravel/framework/src/Illuminate/Console/Concerns/CallsCommands.php(53): Illuminate\\Console\\Command->callSilent('cache:clear', Array)
#18 /Volumes/OFFICIAL/DEVSFLOCK/workproof/vendor/laravel/framework/src/Illuminate/Foundation/Console/OptimizeClearCommand.php(48): Illuminate\\Console\\Command->callSilently('cache:clear')
#19 /Volumes/OFFICIAL/DEVSFLOCK/workproof/vendor/laravel/framework/src/Illuminate/Console/View/Components/Task.php(40): Illuminate\\Foundation\\Console\\OptimizeClearCommand->{closure:Illuminate\\Foundation\\Console\\OptimizeClearCommand::handle():48}()
#20 /Volumes/OFFICIAL/DEVSFLOCK/workproof/vendor/laravel/framework/src/Illuminate/Console/View/Components/Factory.php(60): Illuminate\\Console\\View\\Components\\Task->render('cache', Object(Closure))
#21 /Volumes/OFFICIAL/DEVSFLOCK/workproof/vendor/laravel/framework/src/Illuminate/Foundation/Console/OptimizeClearCommand.php(48): Illuminate\\Console\\View\\Components\\Factory->__call('task', Array)
#22 /Volumes/OFFICIAL/DEVSFLOCK/workproof/vendor/laravel/framework/src/Illuminate/Container/BoundMethod.php(36): Illuminate\\Foundation\\Console\\OptimizeClearCommand->handle()
#23 /Volumes/OFFICIAL/DEVSFLOCK/workproof/vendor/laravel/framework/src/Illuminate/Container/Util.php(43): Illuminate\\Container\\BoundMethod::{closure:Illuminate\\Container\\BoundMethod::call():35}()
#24 /Volumes/OFFICIAL/DEVSFLOCK/workproof/vendor/laravel/framework/src/Illuminate/Container/BoundMethod.php(95): Illuminate\\Container\\Util::unwrapIfClosure(Object(Closure))
#25 /Volumes/OFFICIAL/DEVSFLOCK/workproof/vendor/laravel/framework/src/Illuminate/Container/BoundMethod.php(35): Illuminate\\Container\\BoundMethod::callBoundMethod(Object(Illuminate\\Foundation\\Application), Array, Object(Closure))
#26 /Volumes/OFFICIAL/DEVSFLOCK/workproof/vendor/laravel/framework/src/Illuminate/Container/Container.php(696): Illuminate\\Container\\BoundMethod::call(Object(Illuminate\\Foundation\\Application), Array, Array, NULL)
#27 /Volumes/OFFICIAL/DEVSFLOCK/workproof/vendor/laravel/framework/src/Illuminate/Console/Command.php(213): Illuminate\\Container\\Container->call(Array)
#28 /Volumes/OFFICIAL/DEVSFLOCK/workproof/vendor/symfony/console/Command/Command.php(341): Illuminate\\Console\\Command->execute(Object(Symfony\\Component\\Console\\Input\\ArgvInput), Object(Illuminate\\Console\\OutputStyle))
#29 /Volumes/OFFICIAL/DEVSFLOCK/workproof/vendor/laravel/framework/src/Illuminate/Console/Command.php(182): Symfony\\Component\\Console\\Command\\Command->run(Object(Symfony\\Component\\Console\\Input\\ArgvInput), Object(Illuminate\\Console\\OutputStyle))
#30 /Volumes/OFFICIAL/DEVSFLOCK/workproof/vendor/symfony/console/Application.php(1117): Illuminate\\Console\\Command->run(Object(Symfony\\Component\\Console\\Input\\ArgvInput), Object(Symfony\\Component\\Console\\Output\\ConsoleOutput))
#31 /Volumes/OFFICIAL/DEVSFLOCK/workproof/vendor/symfony/console/Application.php(356): Symfony\\Component\\Console\\Application->doRunCommand(Object(Illuminate\\Foundation\\Console\\OptimizeClearCommand), Object(Symfony\\Component\\Console\\Input\\ArgvInput), Object(Symfony\\Component\\Console\\Output\\ConsoleOutput))
#32 /Volumes/OFFICIAL/DEVSFLOCK/workproof/vendor/symfony/console/Application.php(195): Symfony\\Component\\Console\\Application->doRun(Object(Symfony\\Component\\Console\\Input\\ArgvInput), Object(Symfony\\Component\\Console\\Output\\ConsoleOutput))
#33 /Volumes/OFFICIAL/DEVSFLOCK/workproof/vendor/laravel/framework/src/Illuminate/Foundation/Console/Kernel.php(198): Symfony\\Component\\Console\\Application->run(Object(Symfony\\Component\\Console\\Input\\ArgvInput), Object(Symfony\\Component\\Console\\Output\\ConsoleOutput))
#34 /Volumes/OFFICIAL/DEVSFLOCK/workproof/vendor/laravel/framework/src/Illuminate/Foundation/Application.php(1235): Illuminate\\Foundation\\Console\\Kernel->handle(Object(Symfony\\Component\\Console\\Input\\ArgvInput), Object(Symfony\\Component\\Console\\Output\\ConsoleOutput))
#35 /Volumes/OFFICIAL/DEVSFLOCK/workproof/artisan(6): Illuminate\\Foundation\\Application->handleCommand(Object(Symfony\\Component\\Console\\Input\\ArgvInput))
#36 {main}

[previous exception] [object] (PDOException(code: 42S02): SQLSTATE[42S02]: Base table or view not found: 1146 Table 'naxas_workproof.cache' doesn't exist at /Volumes/OFFICIAL/DEVSFLOCK/workproof/vendor/laravel/framework/src/Illuminate/Database/Connection.php:592)
[stacktrace]
#0 /Volumes/OFFICIAL/DEVSFLOCK/workproof/vendor/laravel/framework/src/Illuminate/Database/Connection.php(592): PDO->prepare('delete from `ca...')
#1 /Volumes/OFFICIAL/DEVSFLOCK/workproof/vendor/laravel/framework/src/Illuminate/Database/Connection.php(812): Illuminate\\Database\\Connection->{closure:Illuminate\\Database\\Connection::affectingStatement():584}('delete from `ca...', Array)
#2 /Volumes/OFFICIAL/DEVSFLOCK/workproof/vendor/laravel/framework/src/Illuminate/Database/Connection.php(779): Illuminate\\Database\\Connection->runQueryCallback('delete from `ca...', Array, Object(Closure))
#3 /Volumes/OFFICIAL/DEVSFLOCK/workproof/vendor/laravel/framework/src/Illuminate/Database/Connection.php(584): Illuminate\\Database\\Connection->run('delete from `ca...', Array, Object(Closure))
#4 /Volumes/OFFICIAL/DEVSFLOCK/workproof/vendor/laravel/framework/src/Illuminate/Database/Connection.php(548): Illuminate\\Database\\Connection->affectingStatement('delete from `ca...', Array)
#5 /Volumes/OFFICIAL/DEVSFLOCK/workproof/vendor/laravel/framework/src/Illuminate/Database/Query/Builder.php(4024): Illuminate\\Database\\Connection->delete('delete from `ca...', Array)
#6 /Volumes/OFFICIAL/DEVSFLOCK/workproof/vendor/laravel/framework/src/Illuminate/Cache/DatabaseStore.php(422): Illuminate\\Database\\Query\\Builder->delete()
#7 /Volumes/OFFICIAL/DEVSFLOCK/workproof/vendor/laravel/framework/src/Illuminate/Cache/Repository.php(792): Illuminate\\Cache\\DatabaseStore->flush()
#8 /Volumes/OFFICIAL/DEVSFLOCK/workproof/vendor/laravel/framework/src/Illuminate/Cache/Console/ClearCommand.php(69): Illuminate\\Cache\\Repository->__call('flush', Array)
#9 /Volumes/OFFICIAL/DEVSFLOCK/workproof/vendor/laravel/framework/src/Illuminate/Container/BoundMethod.php(36): Illuminate\\Cache\\Console\\ClearCommand->handle()
#10 /Volumes/OFFICIAL/DEVSFLOCK/workproof/vendor/laravel/framework/src/Illuminate/Container/Util.php(43): Illuminate\\Container\\BoundMethod::{closure:Illuminate\\Container\\BoundMethod::call():35}()
#11 /Volumes/OFFICIAL/DEVSFLOCK/workproof/vendor/laravel/framework/src/Illuminate/Container/BoundMethod.php(95): Illuminate\\Container\\Util::unwrapIfClosure(Object(Closure))
#12 /Volumes/OFFICIAL/DEVSFLOCK/workproof/vendor/laravel/framework/src/Illuminate/Container/BoundMethod.php(35): Illuminate\\Container\\BoundMethod::callBoundMethod(Object(Illuminate\\Foundation\\Application), Array, Object(Closure))
#13 /Volumes/OFFICIAL/DEVSFLOCK/workproof/vendor/laravel/framework/src/Illuminate/Container/Container.php(696): Illuminate\\Container\\BoundMethod::call(Object(Illuminate\\Foundation\\Application), Array, Array, NULL)
#14 /Volumes/OFFICIAL/DEVSFLOCK/workproof/vendor/laravel/framework/src/Illuminate/Console/Command.php(213): Illuminate\\Container\\Container->call(Array)
#15 /Volumes/OFFICIAL/DEVSFLOCK/workproof/vendor/symfony/console/Command/Command.php(341): Illuminate\\Console\\Command->execute(Object(Symfony\\Component\\Console\\Input\\ArrayInput), Object(Illuminate\\Console\\OutputStyle))
#16 /Volumes/OFFICIAL/DEVSFLOCK/workproof/vendor/laravel/framework/src/Illuminate/Console/Command.php(182): Symfony\\Component\\Console\\Command\\Command->run(Object(Symfony\\Component\\Console\\Input\\ArrayInput), Object(Illuminate\\Console\\OutputStyle))
#17 /Volumes/OFFICIAL/DEVSFLOCK/workproof/vendor/laravel/framework/src/Illuminate/Console/Concerns/CallsCommands.php(68): Illuminate\\Console\\Command->run(Object(Symfony\\Component\\Console\\Input\\ArrayInput), Object(Symfony\\Component\\Console\\Output\\NullOutput))
#18 /Volumes/OFFICIAL/DEVSFLOCK/workproof/vendor/laravel/framework/src/Illuminate/Console/Concerns/CallsCommands.php(41): Illuminate\\Console\\Command->runCommand('cache:clear', Array, Object(Symfony\\Component\\Console\\Output\\NullOutput))
#19 /Volumes/OFFICIAL/DEVSFLOCK/workproof/vendor/laravel/framework/src/Illuminate/Console/Concerns/CallsCommands.php(53): Illuminate\\Console\\Command->callSilent('cache:clear', Array)
#20 /Volumes/OFFICIAL/DEVSFLOCK/workproof/vendor/laravel/framework/src/Illuminate/Foundation/Console/OptimizeClearCommand.php(48): Illuminate\\Console\\Command->callSilently('cache:clear')
#21 /Volumes/OFFICIAL/DEVSFLOCK/workproof/vendor/laravel/framework/src/Illuminate/Console/View/Components/Task.php(40): Illuminate\\Foundation\\Console\\OptimizeClearCommand->{closure:Illuminate\\Foundation\\Console\\OptimizeClearCommand::handle():48}()
#22 /Volumes/OFFICIAL/DEVSFLOCK/workproof/vendor/laravel/framework/src/Illuminate/Console/View/Components/Factory.php(60): Illuminate\\Console\\View\\Components\\Task->render('cache', Object(Closure))
#23 /Volumes/OFFICIAL/DEVSFLOCK/workproof/vendor/laravel/framework/src/Illuminate/Foundation/Console/OptimizeClearCommand.php(48): Illuminate\\Console\\View\\Components\\Factory->__call('task', Array)
#24 /Volumes/OFFICIAL/DEVSFLOCK/workproof/vendor/laravel/framework/src/Illuminate/Container/BoundMethod.php(36): Illuminate\\Foundation\\Console\\OptimizeClearCommand->handle()
#25 /Volumes/OFFICIAL/DEVSFLOCK/workproof/vendor/laravel/framework/src/Illuminate/Container/Util.php(43): Illuminate\\Container\\BoundMethod::{closure:Illuminate\\Container\\BoundMethod::call():35}()
#26 /Volumes/OFFICIAL/DEVSFLOCK/workproof/vendor/laravel/framework/src/Illuminate/Container/BoundMethod.php(95): Illuminate\\Container\\Util::unwrapIfClosure(Object(Closure))
#27 /Volumes/OFFICIAL/DEVSFLOCK/workproof/vendor/laravel/framework/src/Illuminate/Container/BoundMethod.php(35): Illuminate\\Container\\BoundMethod::callBoundMethod(Object(Illuminate\\Foundation\\Application), Array, Object(Closure))
#28 /Volumes/OFFICIAL/DEVSFLOCK/workproof/vendor/laravel/framework/src/Illuminate/Container/Container.php(696): Illuminate\\Container\\BoundMethod::call(Object(Illuminate\\Foundation\\Application), Array, Array, NULL)
#29 /Volumes/OFFICIAL/DEVSFLOCK/workproof/vendor/laravel/framework/src/Illuminate/Console/Command.php(213): Illuminate\\Container\\Container->call(Array)
#30 /Volumes/OFFICIAL/DEVSFLOCK/workproof/vendor/symfony/console/Command/Command.php(341): Illuminate\\Console\\Command->execute(Object(Symfony\\Component\\Console\\Input\\ArgvInput), Object(Illuminate\\Console\\OutputStyle))
#31 /Volumes/OFFICIAL/DEVSFLOCK/workproof/vendor/laravel/framework/src/Illuminate/Console/Command.php(182): Symfony\\Component\\Console\\Command\\Command->run(Object(Symfony\\Component\\Console\\Input\\ArgvInput), Object(Illuminate\\Console\\OutputStyle))
#32 /Volumes/OFFICIAL/DEVSFLOCK/workproof/vendor/symfony/console/Application.php(1117): Illuminate\\Console\\Command->run(Object(Symfony\\Component\\Console\\Input\\ArgvInput), Object(Symfony\\Component\\Console\\Output\\ConsoleOutput))
#33 /Volumes/OFFICIAL/DEVSFLOCK/workproof/vendor/symfony/console/Application.php(356): Symfony\\Component\\Console\\Application->doRunCommand(Object(Illuminate\\Foundation\\Console\\OptimizeClearCommand), Object(Symfony\\Component\\Console\\Input\\ArgvInput), Object(Symfony\\Component\\Console\\Output\\ConsoleOutput))
#34 /Volumes/OFFICIAL/DEVSFLOCK/workproof/vendor/symfony/console/Application.php(195): Symfony\\Component\\Console\\Application->doRun(Object(Symfony\\Component\\Console\\Input\\ArgvInput), Object(Symfony\\Component\\Console\\Output\\ConsoleOutput))
#35 /Volumes/OFFICIAL/DEVSFLOCK/workproof/vendor/laravel/framework/src/Illuminate/Foundation/Console/Kernel.php(198): Symfony\\Component\\Console\\Application->run(Object(Symfony\\Component\\Console\\Input\\ArgvInput), Object(Symfony\\Component\\Console\\Output\\ConsoleOutput))
#36 /Volumes/OFFICIAL/DEVSFLOCK/workproof/vendor/laravel/framework/src/Illuminate/Foundation/Application.php(1235): Illuminate\\Foundation\\Console\\Kernel->handle(Object(Symfony\\Component\\Console\\Input\\ArgvInput), Object(Symfony\\Component\\Console\\Output\\ConsoleOutput))
#37 /Volumes/OFFICIAL/DEVSFLOCK/workproof/artisan(6): Illuminate\\Foundation\\Application->handleCommand(Object(Symfony\\Component\\Console\\Input\\ArgvInput))
#38 {main}
"} 
[2026-06-17 11:10:19] local.ERROR: View path not found. {"exception":"[object] (RuntimeException(code: 0): View path not found. at /Volumes/OFFICIAL/DEVSFLOCK/workproof/vendor/laravel/framework/src/Illuminate/Foundation/Console/ViewClearCommand.php:59)
[stacktrace]
#0 /Volumes/OFFICIAL/DEVSFLOCK/workproof/vendor/laravel/framework/src/Illuminate/Container/BoundMethod.php(36): Illuminate\\Foundation\\Console\\ViewClearCommand->handle()
#1 /Volumes/OFFICIAL/DEVSFLOCK/workproof/vendor/laravel/framework/src/Illuminate/Container/Util.php(43): Illuminate\\Container\\BoundMethod::{closure:Illuminate\\Container\\BoundMethod::call():35}()
#2 /Volumes/OFFICIAL/DEVSFLOCK/workproof/vendor/laravel/framework/src/Illuminate/Container/BoundMethod.php(95): Illuminate\\Container\\Util::unwrapIfClosure(Object(Closure))
#3 /Volumes/OFFICIAL/DEVSFLOCK/workproof/vendor/laravel/framework/src/Illuminate/Container/BoundMethod.php(35): Illuminate\\Container\\BoundMethod::callBoundMethod(Object(Illuminate\\Foundation\\Application), Array, Object(Closure))
#4 /Volumes/OFFICIAL/DEVSFLOCK/workproof/vendor/laravel/framework/src/Illuminate/Container/Container.php(696): Illuminate\\Container\\BoundMethod::call(Object(Illuminate\\Foundation\\Application), Array, Array, NULL)
#5 /Volumes/OFFICIAL/DEVSFLOCK/workproof/vendor/laravel/framework/src/Illuminate/Console/Command.php(213): Illuminate\\Container\\Container->call(Array)
#6 /Volumes/OFFICIAL/DEVSFLOCK/workproof/vendor/symfony/console/Command/Command.php(341): Illuminate\\Console\\Command->execute(Object(Symfony\\Component\\Console\\Input\\ArrayInput), Object(Illuminate\\Console\\OutputStyle))
#7 /Volumes/OFFICIAL/DEVSFLOCK/workproof/vendor/laravel/framework/src/Illuminate/Console/Command.php(182): Symfony\\Component\\Console\\Command\\Command->run(Object(Symfony\\Component\\Console\\Input\\ArrayInput), Object(Illuminate\\Console\\OutputStyle))
#8 /Volumes/OFFICIAL/DEVSFLOCK/workproof/vendor/laravel/framework/src/Illuminate/Console/Concerns/CallsCommands.php(68): Illuminate\\Console\\Command->run(Object(Symfony\\Component\\Console\\Input\\ArrayInput), Object(Symfony\\Component\\Console\\Output\\NullOutput))
#9 /Volumes/OFFICIAL/DEVSFLOCK/workproof/vendor/laravel/framework/src/Illuminate/Console/Concerns/CallsCommands.php(41): Illuminate\\Console\\Command->runCommand('view:clear', Array, Object(Symfony\\Component\\Console\\Output\\NullOutput))
#10 /Volumes/OFFICIAL/DEVSFLOCK/workproof/vendor/laravel/framework/src/Illuminate/Console/Concerns/CallsCommands.php(53): Illuminate\\Console\\Command->callSilent('view:clear', Array)
#11 /Volumes/OFFICIAL/DEVSFLOCK/workproof/vendor/laravel/framework/src/Illuminate/Foundation/Console/OptimizeClearCommand.php(48): Illuminate\\Console\\Command->callSilently('view:clear')
#12 /Volumes/OFFICIAL/DEVSFLOCK/workproof/vendor/laravel/framework/src/Illuminate/Console/View/Components/Task.php(40): Illuminate\\Foundation\\Console\\OptimizeClearCommand->{closure:Illuminate\\Foundation\\Console\\OptimizeClearCommand::handle():48}()
#13 /Volumes/OFFICIAL/DEVSFLOCK/workproof/vendor/laravel/framework/src/Illuminate/Console/View/Components/Factory.php(60): Illuminate\\Console\\View\\Components\\Task->render('views', Object(Closure))
#14 /Volumes/OFFICIAL/DEVSFLOCK/workproof/vendor/laravel/framework/src/Illuminate/Foundation/Console/OptimizeClearCommand.php(48): Illuminate\\Console\\View\\Components\\Factory->__call('task', Array)
#15 /Volumes/OFFICIAL/DEVSFLOCK/workproof/vendor/laravel/framework/src/Illuminate/Container/BoundMethod.php(36): Illuminate\\Foundation\\Console\\OptimizeClearCommand->handle()
#16 /Volumes/OFFICIAL/DEVSFLOCK/workproof/vendor/laravel/framework/src/Illuminate/Container/Util.php(43): Illuminate\\Container\\BoundMethod::{closure:Illuminate\\Container\\BoundMethod::call():35}()
#17 /Volumes/OFFICIAL/DEVSFLOCK/workproof/vendor/laravel/framework/src/Illuminate/Container/BoundMethod.php(95): Illuminate\\Container\\Util::unwrapIfClosure(Object(Closure))
#18 /Volumes/OFFICIAL/DEVSFLOCK/workproof/vendor/laravel/framework/src/Illuminate/Container/BoundMethod.php(35): Illuminate\\Container\\BoundMethod::callBoundMethod(Object(Illuminate\\Foundation\\Application), Array, Object(Closure))
#19 /Volumes/OFFICIAL/DEVSFLOCK/workproof/vendor/laravel/framework/src/Illuminate/Container/Container.php(696): Illuminate\\Container\\BoundMethod::call(Object(Illuminate\\Foundation\\Application), Array, Array, NULL)
#20 /Volumes/OFFICIAL/DEVSFLOCK/workproof/vendor/laravel/framework/src/Illuminate/Console/Command.php(213): Illuminate\\Container\\Container->call(Array)
#21 /Volumes/OFFICIAL/DEVSFLOCK/workproof/vendor/symfony/console/Command/Command.php(341): Illuminate\\Console\\Command->execute(Object(Symfony\\Component\\Console\\Input\\ArgvInput), Object(Illuminate\\Console\\OutputStyle))
#22 /Volumes/OFFICIAL/DEVSFLOCK/workproof/vendor/laravel/framework/src/Illuminate/Console/Command.php(182): Symfony\\Component\\Console\\Command\\Command->run(Object(Symfony\\Component\\Console\\Input\\ArgvInput), Object(Illuminate\\Console\\OutputStyle))
#23 /Volumes/OFFICIAL/DEVSFLOCK/workproof/vendor/symfony/console/Application.php(1117): Illuminate\\Console\\Command->run(Object(Symfony\\Component\\Console\\Input\\ArgvInput), Object(Symfony\\Component\\Console\\Output\\ConsoleOutput))
#24 /Volumes/OFFICIAL/DEVSFLOCK/workproof/vendor/symfony/console/Application.php(356): Symfony\\Component\\Console\\Application->doRunCommand(Object(Illuminate\\Foundation\\Console\\OptimizeClearCommand), Object(Symfony\\Component\\Console\\Input\\ArgvInput), Object(Symfony\\Component\\Console\\Output\\ConsoleOutput))
#25 /Volumes/OFFICIAL/DEVSFLOCK/workproof/vendor/symfony/console/Application.php(195): Symfony\\Component\\Console\\Application->doRun(Object(Symfony\\Component\\Console\\Input\\ArgvInput), Object(Symfony\\Component\\Console\\Output\\ConsoleOutput))
#26 /Volumes/OFFICIAL/DEVSFLOCK/workproof/vendor/laravel/framework/src/Illuminate/Foundation/Console/Kernel.php(198): Symfony\\Component\\Console\\Application->run(Object(Symfony\\Component\\Console\\Input\\ArgvInput), Object(Symfony\\Component\\Console\\Output\\ConsoleOutput))
#27 /Volumes/OFFICIAL/DEVSFLOCK/workproof/vendor/laravel/framework/src/Illuminate/Foundation/Application.php(1235): Illuminate\\Foundation\\Console\\Kernel->handle(Object(Symfony\\Component\\Console\\Input\\ArgvInput), Object(Symfony\\Component\\Console\\Output\\ConsoleOutput))
#28 /Volumes/OFFICIAL/DEVSFLOCK/workproof/artisan(6): Illuminate\\Foundation\\Application->handleCommand(Object(Symfony\\Component\\Console\\Input\\ArgvInput))
#29 {main}
"} 
[2026-06-17 12:05:14] local.ERROR: SQLSTATE[42S02]: Base table or view not found: 1146 Table 'naxas_workproof.sessions' doesn't exist (Connection: mysql, SQL: select * from `sessions` where `id` = CFtF8XGqBPwb7OKcYvGCQBVn0z0MrKmx2NenT9HH limit 1) {"exception":"[object] (Illuminate\\Database\\QueryException(code: 42S02): SQLSTATE[42S02]: Base table or view not found: 1146 Table 'naxas_workproof.sessions' doesn't exist (Connection: mysql, SQL: select * from `sessions` where `id` = CFtF8XGqBPwb7OKcYvGCQBVn0z0MrKmx2NenT9HH limit 1) at /Volumes/OFFICIAL/DEVSFLOCK/workproof/vendor/laravel/framework/src/Illuminate/Database/Connection.php:825)
[stacktrace]
#0 /Volumes/OFFICIAL/DEVSFLOCK/workproof/vendor/laravel/framework/src/Illuminate/Database/Connection.php(779): Illuminate\\Database\\Connection->runQueryCallback('select * from `...', Array, Object(Closure))
#1 /Volumes/OFFICIAL/DEVSFLOCK/workproof/vendor/laravel/framework/src/Illuminate/Database/Connection.php(398): Illuminate\\Database\\Connection->run('select * from `...', Array, Object(Closure))
#2 /Volumes/OFFICIAL/DEVSFLOCK/workproof/vendor/laravel/framework/src/Illuminate/Database/Query/Builder.php(3106): Illuminate\\Database\\Connection->select('select * from `...', Array, false)
#3 /Volumes/OFFICIAL/DEVSFLOCK/workproof/vendor/laravel/framework/src/Illuminate/Database/Query/Builder.php(3091): Illuminate\\Database\\Query\\Builder->runSelect()
#4 /Volumes/OFFICIAL/DEVSFLOCK/workproof/vendor/laravel/framework/src/Illuminate/Database/Query/Builder.php(3676): Illuminate\\Database\\Query\\Builder->{closure:Illuminate\\Database\\Query\\Builder::get():3090}()
#5 /Volumes/OFFICIAL/DEVSFLOCK/workproof/vendor/laravel/framework/src/Illuminate/Database/Query/Builder.php(3090): Illuminate\\Database\\Query\\Builder->onceWithColumns(Array, Object(Closure))
#6 /Volumes/OFFICIAL/DEVSFLOCK/workproof/vendor/laravel/framework/src/Illuminate/Database/Concerns/BuildsQueries.php(343): Illuminate\\Database\\Query\\Builder->get(Array)
#7 /Volumes/OFFICIAL/DEVSFLOCK/workproof/vendor/laravel/framework/src/Illuminate/Database/Query/Builder.php(3013): Illuminate\\Database\\Query\\Builder->first(Array)
#8 /Volumes/OFFICIAL/DEVSFLOCK/workproof/vendor/laravel/framework/src/Illuminate/Session/DatabaseSessionHandler.php(97): Illuminate\\Database\\Query\\Builder->find('CFtF8XGqBPwb7OK...')
#9 /Volumes/OFFICIAL/DEVSFLOCK/workproof/vendor/laravel/framework/src/Illuminate/Session/Store.php(117): Illuminate\\Session\\DatabaseSessionHandler->read('CFtF8XGqBPwb7OK...')
#10 /Volumes/OFFICIAL/DEVSFLOCK/workproof/vendor/laravel/framework/src/Illuminate/Session/Store.php(105): Illuminate\\Session\\Store->readFromHandler()
#11 /Volumes/OFFICIAL/DEVSFLOCK/workproof/vendor/laravel/framework/src/Illuminate/Session/Store.php(89): Illuminate\\Session\\Store->loadSession()
#12 /Volumes/OFFICIAL/DEVSFLOCK/workproof/vendor/laravel/framework/src/Illuminate/Session/Middleware/StartSession.php(147): Illuminate\\Session\\Store->start()
#13 /Volumes/OFFICIAL/DEVSFLOCK/workproof/vendor/laravel/framework/src/Illuminate/Support/helpers.php(399): Illuminate\\Session\\Middleware\\StartSession->{closure:Illuminate\\Session\\Middleware\\StartSession::startSession():144}(Object(Illuminate\\Session\\Store))
#14 /Volumes/OFFICIAL/DEVSFLOCK/workproof/vendor/laravel/framework/src/Illuminate/Session/Middleware/StartSession.php(144): tap(Object(Illuminate\\Session\\Store), Object(Closure))
#15 /Volumes/OFFICIAL/DEVSFLOCK/workproof/vendor/laravel/framework/src/Illuminate/Session/Middleware/StartSession.php(116): Illuminate\\Session\\Middleware\\StartSession->startSession(Object(Illuminate\\Http\\Request), Object(Illuminate\\Session\\Store))
#16 /Volumes/OFFICIAL/DEVSFLOCK/workproof/vendor/laravel/framework/src/Illuminate/Session/Middleware/StartSession.php(64): Illuminate\\Session\\Middleware\\StartSession->handleStatefulRequest(Object(Illuminate\\Http\\Request), Object(Illuminate\\Session\\Store), Object(Closure))
#17 /Volumes/OFFICIAL/DEVSFLOCK/workproof/vendor/laravel/framework/src/Illuminate/Pipeline/Pipeline.php(209): Illuminate\\Session\\Middleware\\StartSession->handle(Object(Illuminate\\Http\\Request), Object(Closure))
#18 /Volumes/OFFICIAL/DEVSFLOCK/workproof/vendor/laravel/framework/src/Illuminate/Cookie/Middleware/AddQueuedCookiesToResponse.php(37): Illuminate\\Pipeline\\Pipeline->{closure:{closure:Illuminate\\Pipeline\\Pipeline::carry():184}:185}(Object(Illuminate\\Http\\Request))
#19 /Volumes/OFFICIAL/DEVSFLOCK/workproof/vendor/laravel/framework/src/Illuminate/Pipeline/Pipeline.php(209): Illuminate\\Cookie\\Middleware\\AddQueuedCookiesToResponse->handle(Object(Illuminate\\Http\\Request), Object(Closure))
#20 /Volumes/OFFICIAL/DEVSFLOCK/workproof/vendor/laravel/framework/src/Illuminate/Cookie/Middleware/EncryptCookies.php(75): Illuminate\\Pipeline\\Pipeline->{closure:{closure:Illuminate\\Pipeline\\Pipeline::carry():184}:185}(Object(Illuminate\\Http\\Request))
#21 /Volumes/OFFICIAL/DEVSFLOCK/workproof/vendor/laravel/framework/src/Illuminate/Pipeline/Pipeline.php(209): Illuminate\\Cookie\\Middleware\\EncryptCookies->handle(Object(Illuminate\\Http\\Request), Object(Closure))
#22 /Volumes/OFFICIAL/DEVSFLOCK/workproof/vendor/laravel/framework/src/Illuminate/Pipeline/Pipeline.php(127): Illuminate\\Pipeline\\Pipeline->{closure:{closure:Illuminate\\Pipeline\\Pipeline::carry():184}:185}(Object(Illuminate\\Http\\Request))
#23 /Volumes/OFFICIAL/DEVSFLOCK/workproof/vendor/laravel/framework/src/Illuminate/Routing/Router.php(807): Illuminate\\Pipeline\\Pipeline->then(Object(Closure))
#24 /Volumes/OFFICIAL/DEVSFLOCK/workproof/vendor/laravel/framework/src/Illuminate/Routing/Router.php(786): Illuminate\\Routing\\Router->runRouteWithinStack(Object(Illuminate\\Routing\\Route), Object(Illuminate\\Http\\Request))
#25 /Volumes/OFFICIAL/DEVSFLOCK/workproof/vendor/laravel/framework/src/Illuminate/Routing/Router.php(750): Illuminate\\Routing\\Router->runRoute(Object(Illuminate\\Http\\Request), Object(Illuminate\\Routing\\Route))
#26 /Volumes/OFFICIAL/DEVSFLOCK/workproof/vendor/laravel/framework/src/Illuminate/Routing/Router.php(739): Illuminate\\Routing\\Router->dispatchToRoute(Object(Illuminate\\Http\\Request))
#27 /Volumes/OFFICIAL/DEVSFLOCK/workproof/vendor/laravel/framework/src/Illuminate/Foundation/Http/Kernel.php(201): Illuminate\\Routing\\Router->dispatch(Object(Illuminate\\Http\\Request))
#28 /Volumes/OFFICIAL/DEVSFLOCK/workproof/vendor/laravel/framework/src/Illuminate/Pipeline/Pipeline.php(170): Illuminate\\Foundation\\Http\\Kernel->{closure:Illuminate\\Foundation\\Http\\Kernel::dispatchToRouter():198}(Object(Illuminate\\Http\\Request))
#29 /Volumes/OFFICIAL/DEVSFLOCK/workproof/vendor/laravel/framework/src/Illuminate/Foundation/Http/Middleware/TransformsRequest.php(21): Illuminate\\Pipeline\\Pipeline->{closure:Illuminate\\Pipeline\\Pipeline::prepareDestination():168}(Object(Illuminate\\Http\\Request))
#30 /Volumes/OFFICIAL/DEVSFLOCK/workproof/vendor/laravel/framework/src/Illuminate/Foundation/Http/Middleware/ConvertEmptyStringsToNull.php(31): Illuminate\\Foundation\\Http\\Middleware\\TransformsRequest->handle(Object(Illuminate\\Http\\Request), Object(Closure))
#31 /Volumes/OFFICIAL/DEVSFLOCK/workproof/vendor/laravel/framework/src/Illuminate/Pipeline/Pipeline.php(209): Illuminate\\Foundation\\Http\\Middleware\\ConvertEmptyStringsToNull->handle(Object(Illuminate\\Http\\Request), Object(Closure))
#32 /Volumes/OFFICIAL/DEVSFLOCK/workproof/vendor/laravel/framework/src/Illuminate/Foundation/Http/Middleware/TransformsRequest.php(21): Illuminate\\Pipeline\\Pipeline->{closure:{closure:Illuminate\\Pipeline\\Pipeline::carry():184}:185}(Object(Illuminate\\Http\\Request))
#33 /Volumes/OFFICIAL/DEVSFLOCK/workproof/vendor/laravel/framework/src/Illuminate/Foundation/Http/Middleware/TrimStrings.php(51): Illuminate\\Foundation\\Http\\Middleware\\TransformsRequest->handle(Object(Illuminate\\Http\\Request), Object(Closure))
#34 /Volumes/OFFICIAL/DEVSFLOCK/workproof/vendor/laravel/framework/src/Illuminate/Pipeline/Pipeline.php(209): Illuminate\\Foundation\\Http\\Middleware\\TrimStrings->handle(Object(Illuminate\\Http\\Request), Object(Closure))
#35 /Volumes/OFFICIAL/DEVSFLOCK/workproof/vendor/laravel/framework/src/Illuminate/Http/Middleware/ValidatePostSize.php(27): Illuminate\\Pipeline\\Pipeline->{closure:{closure:Illuminate\\Pipeline\\Pipeline::carry():184}:185}(Object(Illuminate\\Http\\Request))
#36 /Volumes/OFFICIAL/DEVSFLOCK/workproof/vendor/laravel/framework/src/Illuminate/Pipeline/Pipeline.php(209): Illuminate\\Http\\Middleware\\ValidatePostSize->handle(Object(Illuminate\\Http\\Request), Object(Closure))
#37 /Volumes/OFFICIAL/DEVSFLOCK/workproof/vendor/laravel/framework/src/Illuminate/Foundation/Http/Middleware/PreventRequestsDuringMaintenance.php(110): Illuminate\\Pipeline\\Pipeline->{closure:{closure:Illuminate\\Pipeline\\Pipeline::carry():184}:185}(Object(Illuminate\\Http\\Request))
#38 /Volumes/OFFICIAL/DEVSFLOCK/workproof/vendor/laravel/framework/src/Illuminate/Pipeline/Pipeline.php(209): Illuminate\\Foundation\\Http\\Middleware\\PreventRequestsDuringMaintenance->handle(Object(Illuminate\\Http\\Request), Object(Closure))
#39 /Volumes/OFFICIAL/DEVSFLOCK/workproof/vendor/laravel/framework/src/Illuminate/Http/Middleware/HandleCors.php(49): Illuminate\\Pipeline\\Pipeline->{closure:{closure:Illuminate\\Pipeline\\Pipeline::carry():184}:185}(Object(Illuminate\\Http\\Request))
#40 /Volumes/OFFICIAL/DEVSFLOCK/workproof/vendor/laravel/framework/src/Illuminate/Pipeline/Pipeline.php(209): Illuminate\\Http\\Middleware\\HandleCors->handle(Object(Illuminate\\Http\\Request), Object(Closure))
#41 /Volumes/OFFICIAL/DEVSFLOCK/workproof/vendor/laravel/framework/src/Illuminate/Http/Middleware/TrustProxies.php(58): Illuminate\\Pipeline\\Pipeline->{closure:{closure:Illuminate\\Pipeline\\Pipeline::carry():184}:185}(Object(Illuminate\\Http\\Request))
#42 /Volumes/OFFICIAL/DEVSFLOCK/workproof/vendor/laravel/framework/src/Illuminate/Pipeline/Pipeline.php(209): Illuminate\\Http\\Middleware\\TrustProxies->handle(Object(Illuminate\\Http\\Request), Object(Closure))
#43 /Volumes/OFFICIAL/DEVSFLOCK/workproof/vendor/laravel/framework/src/Illuminate/Foundation/Http/Middleware/InvokeDeferredCallbacks.php(22): Illuminate\\Pipeline\\Pipeline->{closure:{closure:Illuminate\\Pipeline\\Pipeline::carry():184}:185}(Object(Illuminate\\Http\\Request))
#44 /Volumes/OFFICIAL/DEVSFLOCK/workproof/vendor/laravel/framework/src/Illuminate/Pipeline/Pipeline.php(209): Illuminate\\Foundation\\Http\\Middleware\\InvokeDeferredCallbacks->handle(Object(Illuminate\\Http\\Request), Object(Closure))
#45 /Volumes/OFFICIAL/DEVSFLOCK/workproof/vendor/laravel/framework/src/Illuminate/Pipeline/Pipeline.php(127): Illuminate\\Pipeline\\Pipeline->{closure:{closure:Illuminate\\Pipeline\\Pipeline::carry():184}:185}(Object(Illuminate\\Http\\Request))
#46 /Volumes/OFFICIAL/DEVSFLOCK/workproof/vendor/laravel/framework/src/Illuminate/Foundation/Http/Kernel.php(176): Illuminate\\Pipeline\\Pipeline->then(Object(Closure))
#47 /Volumes/OFFICIAL/DEVSFLOCK/workproof/vendor/laravel/framework/src/Illuminate/Foundation/Http/Kernel.php(145): Illuminate\\Foundation\\Http\\Kernel->sendRequestThroughRouter(Object(Illuminate\\Http\\Request))
#48 /Volumes/OFFICIAL/DEVSFLOCK/workproof/vendor/laravel/framework/src/Illuminate/Foundation/Application.php(1220): Illuminate\\Foundation\\Http\\Kernel->handle(Object(Illuminate\\Http\\Request))
#49 /Volumes/OFFICIAL/DEVSFLOCK/workproof/public/index.php(20): Illuminate\\Foundation\\Application->handleRequest(Object(Illuminate\\Http\\Request))
#50 /Volumes/OFFICIAL/DEVSFLOCK/workproof/vendor/laravel/framework/src/Illuminate/Foundation/resources/server.php(23): require_once('/Volumes/OFFICI...')
#51 {main}

[previous exception] [object] (PDOException(code: 42S02): SQLSTATE[42S02]: Base table or view not found: 1146 Table 'naxas_workproof.sessions' doesn't exist at /Volumes/OFFICIAL/DEVSFLOCK/workproof/vendor/laravel/framework/src/Illuminate/Database/Connection.php:407)
[stacktrace]
#0 /Volumes/OFFICIAL/DEVSFLOCK/workproof/vendor/laravel/framework/src/Illuminate/Database/Connection.php(407): PDO->prepare('select * from `...')
#1 /Volumes/OFFICIAL/DEVSFLOCK/workproof/vendor/laravel/framework/src/Illuminate/Database/Connection.php(812): Illuminate\\Database\\Connection->{closure:Illuminate\\Database\\Connection::select():398}('select * from `...', Array)
#2 /Volumes/OFFICIAL/DEVSFLOCK/workproof/vendor/laravel/framework/src/Illuminate/Database/Connection.php(779): Illuminate\\Database\\Connection->runQueryCallback('select * from `...', Array, Object(Closure))
#3 /Volumes/OFFICIAL/DEVSFLOCK/workproof/vendor/laravel/framework/src/Illuminate/Database/Connection.php(398): Illuminate\\Database\\Connection->run('select * from `...', Array, Object(Closure))
#4 /Volumes/OFFICIAL/DEVSFLOCK/workproof/vendor/laravel/framework/src/Illuminate/Database/Query/Builder.php(3106): Illuminate\\Database\\Connection->select('select * from `...', Array, false)
#5 /Volumes/OFFICIAL/DEVSFLOCK/workproof/vendor/laravel/framework/src/Illuminate/Database/Query/Builder.php(3091): Illuminate\\Database\\Query\\Builder->runSelect()
#6 /Volumes/OFFICIAL/DEVSFLOCK/workproof/vendor/laravel/framework/src/Illuminate/Database/Query/Builder.php(3676): Illuminate\\Database\\Query\\Builder->{closure:Illuminate\\Database\\Query\\Builder::get():3090}()
#7 /Volumes/OFFICIAL/DEVSFLOCK/workproof/vendor/laravel/framework/src/Illuminate/Database/Query/Builder.php(3090): Illuminate\\Database\\Query\\Builder->onceWithColumns(Array, Object(Closure))
#8 /Volumes/OFFICIAL/DEVSFLOCK/workproof/vendor/laravel/framework/src/Illuminate/Database/Concerns/BuildsQueries.php(343): Illuminate\\Database\\Query\\Builder->get(Array)
#9 /Volumes/OFFICIAL/DEVSFLOCK/workproof/vendor/laravel/framework/src/Illuminate/Database/Query/Builder.php(3013): Illuminate\\Database\\Query\\Builder->first(Array)
#10 /Volumes/OFFICIAL/DEVSFLOCK/workproof/vendor/laravel/framework/src/Illuminate/Session/DatabaseSessionHandler.php(97): Illuminate\\Database\\Query\\Builder->find('CFtF8XGqBPwb7OK...')
#11 /Volumes/OFFICIAL/DEVSFLOCK/workproof/vendor/laravel/framework/src/Illuminate/Session/Store.php(117): Illuminate\\Session\\DatabaseSessionHandler->read('CFtF8XGqBPwb7OK...')
#12 /Volumes/OFFICIAL/DEVSFLOCK/workproof/vendor/laravel/framework/src/Illuminate/Session/Store.php(105): Illuminate\\Session\\Store->readFromHandler()
#13 /Volumes/OFFICIAL/DEVSFLOCK/workproof/vendor/laravel/framework/src/Illuminate/Session/Store.php(89): Illuminate\\Session\\Store->loadSession()
#14 /Volumes/OFFICIAL/DEVSFLOCK/workproof/vendor/laravel/framework/src/Illuminate/Session/Middleware/StartSession.php(147): Illuminate\\Session\\Store->start()
#15 /Volumes/OFFICIAL/DEVSFLOCK/workproof/vendor/laravel/framework/src/Illuminate/Support/helpers.php(399): Illuminate\\Session\\Middleware\\StartSession->{closure:Illuminate\\Session\\Middleware\\StartSession::startSession():144}(Object(Illuminate\\Session\\Store))
#16 /Volumes/OFFICIAL/DEVSFLOCK/workproof/vendor/laravel/framework/src/Illuminate/Session/Middleware/StartSession.php(144): tap(Object(Illuminate\\Session\\Store), Object(Closure))
#17 /Volumes/OFFICIAL/DEVSFLOCK/workproof/vendor/laravel/framework/src/Illuminate/Session/Middleware/StartSession.php(116): Illuminate\\Session\\Middleware\\StartSession->startSession(Object(Illuminate\\Http\\Request), Object(Illuminate\\Session\\Store))
#18 /Volumes/OFFICIAL/DEVSFLOCK/workproof/vendor/laravel/framework/src/Illuminate/Session/Middleware/StartSession.php(64): Illuminate\\Session\\Middleware\\StartSession->handleStatefulRequest(Object(Illuminate\\Http\\Request), Object(Illuminate\\Session\\Store), Object(Closure))
#19 /Volumes/OFFICIAL/DEVSFLOCK/workproof/vendor/laravel/framework/src/Illuminate/Pipeline/Pipeline.php(209): Illuminate\\Session\\Middleware\\StartSession->handle(Object(Illuminate\\Http\\Request), Object(Closure))
#20 /Volumes/OFFICIAL/DEVSFLOCK/workproof/vendor/laravel/framework/src/Illuminate/Cookie/Middleware/AddQueuedCookiesToResponse.php(37): Illuminate\\Pipeline\\Pipeline->{closure:{closure:Illuminate\\Pipeline\\Pipeline::carry():184}:185}(Object(Illuminate\\Http\\Request))
#21 /Volumes/OFFICIAL/DEVSFLOCK/workproof/vendor/laravel/framework/src/Illuminate/Pipeline/Pipeline.php(209): Illuminate\\Cookie\\Middleware\\AddQueuedCookiesToResponse->handle(Object(Illuminate\\Http\\Request), Object(Closure))
#22 /Volumes/OFFICIAL/DEVSFLOCK/workproof/vendor/laravel/framework/src/Illuminate/Cookie/Middleware/EncryptCookies.php(75): Illuminate\\Pipeline\\Pipeline->{closure:{closure:Illuminate\\Pipeline\\Pipeline::carry():184}:185}(Object(Illuminate\\Http\\Request))
#23 /Volumes/OFFICIAL/DEVSFLOCK/workproof/vendor/laravel/framework/src/Illuminate/Pipeline/Pipeline.php(209): Illuminate\\Cookie\\Middleware\\EncryptCookies->handle(Object(Illuminate\\Http\\Request), Object(Closure))
#24 /Volumes/OFFICIAL/DEVSFLOCK/workproof/vendor/laravel/framework/src/Illuminate/Pipeline/Pipeline.php(127): Illuminate\\Pipeline\\Pipeline->{closure:{closure:Illuminate\\Pipeline\\Pipeline::carry():184}:185}(Object(Illuminate\\Http\\Request))
#25 /Volumes/OFFICIAL/DEVSFLOCK/workproof/vendor/laravel/framework/src/Illuminate/Routing/Router.php(807): Illuminate\\Pipeline\\Pipeline->then(Object(Closure))
#26 /Volumes/OFFICIAL/DEVSFLOCK/workproof/vendor/laravel/framework/src/Illuminate/Routing/Router.php(786): Illuminate\\Routing\\Router->runRouteWithinStack(Object(Illuminate\\Routing\\Route), Object(Illuminate\\Http\\Request))
#27 /Volumes/OFFICIAL/DEVSFLOCK/workproof/vendor/laravel/framework/src/Illuminate/Routing/Router.php(750): Illuminate\\Routing\\Router->runRoute(Object(Illuminate\\Http\\Request), Object(Illuminate\\Routing\\Route))
#28 /Volumes/OFFICIAL/DEVSFLOCK/workproof/vendor/laravel/framework/src/Illuminate/Routing/Router.php(739): Illuminate\\Routing\\Router->dispatchToRoute(Object(Illuminate\\Http\\Request))
#29 /Volumes/OFFICIAL/DEVSFLOCK/workproof/vendor/laravel/framework/src/Illuminate/Foundation/Http/Kernel.php(201): Illuminate\\Routing\\Router->dispatch(Object(Illuminate\\Http\\Request))
#30 /Volumes/OFFICIAL/DEVSFLOCK/workproof/vendor/laravel/framework/src/Illuminate/Pipeline/Pipeline.php(170): Illuminate\\Foundation\\Http\\Kernel->{closure:Illuminate\\Foundation\\Http\\Kernel::dispatchToRouter():198}(Object(Illuminate\\Http\\Request))
#31 /Volumes/OFFICIAL/DEVSFLOCK/workproof/vendor/laravel/framework/src/Illuminate/Foundation/Http/Middleware/TransformsRequest.php(21): Illuminate\\Pipeline\\Pipeline->{closure:Illuminate\\Pipeline\\Pipeline::prepareDestination():168}(Object(Illuminate\\Http\\Request))
#32 /Volumes/OFFICIAL/DEVSFLOCK/workproof/vendor/laravel/framework/src/Illuminate/Foundation/Http/Middleware/ConvertEmptyStringsToNull.php(31): Illuminate\\Foundation\\Http\\Middleware\\TransformsRequest->handle(Object(Illuminate\\Http\\Request), Object(Closure))
#33 /Volumes/OFFICIAL/DEVSFLOCK/workproof/vendor/laravel/framework/src/Illuminate/Pipeline/Pipeline.php(209): Illuminate\\Foundation\\Http\\Middleware\\ConvertEmptyStringsToNull->handle(Object(Illuminate\\Http\\Request), Object(Closure))
#34 /Volumes/OFFICIAL/DEVSFLOCK/workproof/vendor/laravel/framework/src/Illuminate/Foundation/Http/Middleware/TransformsRequest.php(21): Illuminate\\Pipeline\\Pipeline->{closure:{closure:Illuminate\\Pipeline\\Pipeline::carry():184}:185}(Object(Illuminate\\Http\\Request))
#35 /Volumes/OFFICIAL/DEVSFLOCK/workproof/vendor/laravel/framework/src/Illuminate/Foundation/Http/Middleware/TrimStrings.php(51): Illuminate\\Foundation\\Http\\Middleware\\TransformsRequest->handle(Object(Illuminate\\Http\\Request), Object(Closure))
#36 /Volumes/OFFICIAL/DEVSFLOCK/workproof/vendor/laravel/framework/src/Illuminate/Pipeline/Pipeline.php(209): Illuminate\\Foundation\\Http\\Middleware\\TrimStrings->handle(Object(Illuminate\\Http\\Request), Object(Closure))
#37 /Volumes/OFFICIAL/DEVSFLOCK/workproof/vendor/laravel/framework/src/Illuminate/Http/Middleware/ValidatePostSize.php(27): Illuminate\\Pipeline\\Pipeline->{closure:{closure:Illuminate\\Pipeline\\Pipeline::carry():184}:185}(Object(Illuminate\\Http\\Request))
#38 /Volumes/OFFICIAL/DEVSFLOCK/workproof/vendor/laravel/framework/src/Illuminate/Pipeline/Pipeline.php(209): Illuminate\\Http\\Middleware\\ValidatePostSize->handle(Object(Illuminate\\Http\\Request), Object(Closure))
#39 /Volumes/OFFICIAL/DEVSFLOCK/workproof/vendor/laravel/framework/src/Illuminate/Foundation/Http/Middleware/PreventRequestsDuringMaintenance.php(110): Illuminate\\Pipeline\\Pipeline->{closure:{closure:Illuminate\\Pipeline\\Pipeline::carry():184}:185}(Object(Illuminate\\Http\\Request))
#40 /Volumes/OFFICIAL/DEVSFLOCK/workproof/vendor/laravel/framework/src/Illuminate/Pipeline/Pipeline.php(209): Illuminate\\Foundation\\Http\\Middleware\\PreventRequestsDuringMaintenance->handle(Object(Illuminate\\Http\\Request), Object(Closure))
#41 /Volumes/OFFICIAL/DEVSFLOCK/workproof/vendor/laravel/framework/src/Illuminate/Http/Middleware/HandleCors.php(49): Illuminate\\Pipeline\\Pipeline->{closure:{closure:Illuminate\\Pipeline\\Pipeline::carry():184}:185}(Object(Illuminate\\Http\\Request))
#42 /Volumes/OFFICIAL/DEVSFLOCK/workproof/vendor/laravel/framework/src/Illuminate/Pipeline/Pipeline.php(209): Illuminate\\Http\\Middleware\\HandleCors->handle(Object(Illuminate\\Http\\Request), Object(Closure))
#43 /Volumes/OFFICIAL/DEVSFLOCK/workproof/vendor/laravel/framework/src/Illuminate/Http/Middleware/TrustProxies.php(58): Illuminate\\Pipeline\\Pipeline->{closure:{closure:Illuminate\\Pipeline\\Pipeline::carry():184}:185}(Object(Illuminate\\Http\\Request))
#44 /Volumes/OFFICIAL/DEVSFLOCK/workproof/vendor/laravel/framework/src/Illuminate/Pipeline/Pipeline.php(209): Illuminate\\Http\\Middleware\\TrustProxies->handle(Object(Illuminate\\Http\\Request), Object(Closure))
#45 /Volumes/OFFICIAL/DEVSFLOCK/workproof/vendor/laravel/framework/src/Illuminate/Foundation/Http/Middleware/InvokeDeferredCallbacks.php(22): Illuminate\\Pipeline\\Pipeline->{closure:{closure:Illuminate\\Pipeline\\Pipeline::carry():184}:185}(Object(Illuminate\\Http\\Request))
#46 /Volumes/OFFICIAL/DEVSFLOCK/workproof/vendor/laravel/framework/src/Illuminate/Pipeline/Pipeline.php(209): Illuminate\\Foundation\\Http\\Middleware\\InvokeDeferredCallbacks->handle(Object(Illuminate\\Http\\Request), Object(Closure))
#47 /Volumes/OFFICIAL/DEVSFLOCK/workproof/vendor/laravel/framework/src/Illuminate/Pipeline/Pipeline.php(127): Illuminate\\Pipeline\\Pipeline->{closure:{closure:Illuminate\\Pipeline\\Pipeline::carry():184}:185}(Object(Illuminate\\Http\\Request))
#48 /Volumes/OFFICIAL/DEVSFLOCK/workproof/vendor/laravel/framework/src/Illuminate/Foundation/Http/Kernel.php(176): Illuminate\\Pipeline\\Pipeline->then(Object(Closure))
#49 /Volumes/OFFICIAL/DEVSFLOCK/workproof/vendor/laravel/framework/src/Illuminate/Foundation/Http/Kernel.php(145): Illuminate\\Foundation\\Http\\Kernel->sendRequestThroughRouter(Object(Illuminate\\Http\\Request))
#50 /Volumes/OFFICIAL/DEVSFLOCK/workproof/vendor/laravel/framework/src/Illuminate/Foundation/Application.php(1220): Illuminate\\Foundation\\Http\\Kernel->handle(Object(Illuminate\\Http\\Request))
#51 /Volumes/OFFICIAL/DEVSFLOCK/workproof/public/index.php(20): Illuminate\\Foundation\\Application->handleRequest(Object(Illuminate\\Http\\Request))
#52 /Volumes/OFFICIAL/DEVSFLOCK/workproof/vendor/laravel/framework/src/Illuminate/Foundation/resources/server.php(23): require_once('/Volumes/OFFICI...')
#53 {main}
"} 
